<?xml version="1.0" encoding="UTF-8"?>
<!-- Generated by org.testng.reporters.JUnitReportReporter -->
<testsuite skipped="1" hostname="LAPTOP-D4Q6617H" name="com.first.testcases.NewTest1" tests="1" failures="0" timestamp="23 五月 2018 18:52:54 GMT" time="0.000" errors="0">
  <testcase name="f" time="0.000" classname="com.first.testcases.NewTest1">
    <skipped/>
  </testcase> <!-- f -->
</testsuite> <!-- com.first.testcases.NewTest1 -->
