<?xml version="1.0" encoding="UTF-8"?>
<!-- Generated by org.testng.reporters.JUnitReportReporter -->
<testsuite skipped="0" hostname="LAPTOP-D4Q6617H" name="com.first.dome.LoginTest" tests="2" failures="0" timestamp="13 五月 2018 14:30:01 GMT" time="27.136" errors="0">
  <testcase name="loginTest01" time="16.090" classname="com.first.dome.LoginTest"/>
  <testcase name="loginTest02" time="11.046" classname="com.first.dome.LoginTest"/>
</testsuite> <!-- com.first.dome.LoginTest -->
